<?xml version="1.0"  encoding="UTF-8"?>
<persistence xmlns="http://java.sun.com/xml/ns/persistence"
	xmlns:xsi="http://www.w3.org/2001/XMLSchema-instance" version="1.0"
	xsi:schemaLocation="http://java.sun.com/xml/ns/persistence
http://java.sun.com/xml/ns/persistence/persistence_1_0.xsd">
	<persistence-unit name="defaultPersistenceUnit"
		transaction-type="JTA">
		<provider>oracle.toplink.essentials.PersistenceProvider</provider>
		<class>com.webcontext.apps.restwebapp.model.User</class>
		<properties>
			<property name="javax.persistence.jdbc.driver" value="org.hsqldb.jdbcDriver" />
			<property name="javax.persistence.jdbc.url" value="jdbc:hsqldb:file:db/testdb;create=true" />
			<property name="javax.persistence.jdbc.user" value="sa" />
			<property name="javax.persistence.jdbc.password" value="" />
			<property name="eclipselink.ddl-generation" value="create-tables" />
		</properties>
	</persistence-unit>
</persistence>
